c:\users\sigal_dzqldht\source\repos\consoleapplication1\consolea.aff5f886\x64\debug\vc143.pdb
c:\users\sigal_dzqldht\source\repos\consoleapplication1\consolea.aff5f886\x64\debug\vc143.idb
c:\users\sigal_dzqldht\source\repos\consoleapplication1\consolea.aff5f886\x64\debug\song.obj
c:\users\sigal_dzqldht\source\repos\consoleapplication1\consolea.aff5f886\x64\debug\player.obj
c:\users\sigal_dzqldht\source\repos\consoleapplication1\consolea.aff5f886\x64\debug\mp4.obj
c:\users\sigal_dzqldht\source\repos\consoleapplication1\consolea.aff5f886\x64\debug\mp3.obj
c:\users\sigal_dzqldht\source\repos\consoleapplication1\consolea.aff5f886\x64\debug\main.obj
c:\users\sigal_dzqldht\source\repos\consoleapplication1\consolea.aff5f886\x64\debug\link.obj
c:\users\sigal_dzqldht\source\repos\consoleapplication1\consolea.aff5f886\x64\debug\lab.obj
c:\users\sigal_dzqldht\source\repos\consoleapplication1\x64\debug\consoleapplication1.exe
c:\users\sigal_dzqldht\source\repos\consoleapplication1\x64\debug\consoleapplication1.pdb
c:\users\sigal_dzqldht\source\repos\consoleapplication1\consolea.aff5f886\x64\debug\consoleapplication1.ilk
c:\users\sigal_dzqldht\source\repos\consoleapplication1\consolea.aff5f886\x64\debug\consoleapplication1.obj
c:\users\sigal_dzqldht\source\repos\consoleapplication1\consolea.aff5f886\x64\debug\consolea.aff5f886.tlog\cl.command.1.tlog
c:\users\sigal_dzqldht\source\repos\consoleapplication1\consolea.aff5f886\x64\debug\consolea.aff5f886.tlog\cl.items.tlog
c:\users\sigal_dzqldht\source\repos\consoleapplication1\consolea.aff5f886\x64\debug\consolea.aff5f886.tlog\cl.read.1.tlog
c:\users\sigal_dzqldht\source\repos\consoleapplication1\consolea.aff5f886\x64\debug\consolea.aff5f886.tlog\cl.write.1.tlog
c:\users\sigal_dzqldht\source\repos\consoleapplication1\consolea.aff5f886\x64\debug\consolea.aff5f886.tlog\link.command.1.tlog
c:\users\sigal_dzqldht\source\repos\consoleapplication1\consolea.aff5f886\x64\debug\consolea.aff5f886.tlog\link.read.1.tlog
c:\users\sigal_dzqldht\source\repos\consoleapplication1\consolea.aff5f886\x64\debug\consolea.aff5f886.tlog\link.secondary.1.tlog
c:\users\sigal_dzqldht\source\repos\consoleapplication1\consolea.aff5f886\x64\debug\consolea.aff5f886.tlog\link.write.1.tlog
